************************************************************************
HSPICE RF -- A-2008.03 (Feb 26 2008)
Copyright (C) 2008 Synopsys,Inc. All rights reserved.
This software and the associated documentation are confidential and
proprietary to Synopsys, Inc. Your use or disclosure of this software
is subject to the terms and conditions of a written license agreement
between you, or your company, and Synopsys, Inc.
************************************************************************

hspicerf 32-bit version A-2008.03 (Feb 26 2008 14:57:57)

machine info: Professional Server 4.0 (Build 9200) 586 on DESKTOP-TNCR6K3

current time: 21:47:24 11/16/2021

command line: hspicerf
D:\Ubeyd\Bitirme_1\kod\genetik_algoritmalar\bitirme_I\pymoo\optimization\amp.sp
-o
D:\Ubeyd\Bitirme_1\kod\genetik_algoritmalar\bitirme_I\pymoo\optimization\amp

Total number of lines parsed: 358

Resource Usage for Parsing
--------------------------
| CPU Time    | 0.00 sec |
| Peak Memory | 0.03 Mb  |
|------------------------|

Source Files
-------------------------------------------------------------------------------------
| "D:\Ubeyd\Bitirme_1\kod\genetik_algoritmalar\bitirme_I\pymoo\optimization\amp.sp" |
| "designparam.cir"                                                                 |
| "130nm.txt"                                                                       |
|-----------------------------------------------------------------------------------|

Options
------------------
| Option | Value |
|--------+-------|
| OPFILE | on    |
| POST   | 1     |
|----------------|

11 unique instance models are loaded.

Resource Usage for Load Netlist Data
--------------------------
| CPU Time    | 0.00 sec |
| Peak Memory | 0.00 Mb  |
|------------------------|

Netlist Statistics
---------------------
| Type      | Count |
|-----------+-------|
| nmos      | 2     |
| pmos      | 4     |
| resistor  | 2     |
| capacitor | 1     |
| vsrc      | 5     |
|-------------------|

Summary of Possible Problems in Netlist
-------------------------------------
| Negative resistor             | 0 |
| Negative capacitor            | 0 |
| Negative inductor             | 0 |
| Unconnected node              | 0 |
| Dangling terminal             | 0 |
| Non-rail bulk terminal        | 0 |
| Floating MOS gate             | 0 |
| Floating MOS bulk             | 0 |
| Floating BJT substrate        | 0 |
| Floating controlled input     | 0 |
| Floating current source nodes | 0 |
| Source loop                   | 0 |
|-----------------------------------|

Resource Usage for Netlist Check
--------------------------
| CPU Time    | 0.00 sec |
| Peak Memory | 0.00 Mb  |
|------------------------|

Number of nodes: 15

Total number of nodes (including internal nodes): 15

Resource Usage for Netlist Data Compression
--------------------------
| CPU Time    | 0.00 sec |
| Peak Memory | 0.00 Mb  |
|------------------------|
