************************************************************************
HSPICE RF -- A-2008.03 (Feb 26 2008)
Copyright (C) 2008 Synopsys,Inc. All rights reserved.
This software and the associated documentation are confidential and
proprietary to Synopsys, Inc. Your use or disclosure of this software
is subject to the terms and conditions of a written license agreement
between you, or your company, and Synopsys, Inc.
************************************************************************

hspicerf 32-bit version A-2008.03 (Feb 26 2008 14:57:57)

machine info: Professional Server 4.0 (Build 9200) 586 on DESKTOP-TNCR6K3

current time: 21:22:23 11/11/2021

command line: hspicerf D:\Ubeyd\Bitirme -
1\kod\genetik_algoritmalar\bitirme-I\HSpicePy\amp.sp

Total number of lines parsed: 358

Resource Usage for Parsing
--------------------------
| CPU Time    | 0.00 sec |
| Peak Memory | 0.03 Mb  |
|------------------------|

Source Files
-----------------------------------------------------------------------------
| "D:\Ubeyd\Bitirme - 1\kod\genetik_algoritmalar\bitirme-I\HSpicePy\amp.sp" |
| "designparam.cir"                                                         |
| "130nm.txt"                                                               |
|---------------------------------------------------------------------------|

Options
------------------
| Option | Value |
|--------+-------|
| OPFILE | on    |
| POST   | 1     |
|----------------|

11 unique instance models are loaded.

Resource Usage for Load Netlist Data
--------------------------
| CPU Time    | 0.00 sec |
| Peak Memory | 0.00 Mb  |
|------------------------|

Netlist Statistics
---------------------
| Type      | Count |
|-----------+-------|
| nmos      | 2     |
| pmos      | 4     |
| resistor  | 2     |
| capacitor | 1     |
| vsrc      | 5     |
|-------------------|

Summary of Possible Problems in Netlist
-------------------------------------
| Negative resistor             | 0 |
| Negative capacitor            | 0 |
| Negative inductor             | 0 |
| Unconnected node              | 0 |
| Dangling terminal             | 0 |
| Non-rail bulk terminal        | 0 |
| Floating MOS gate             | 0 |
| Floating MOS bulk             | 0 |
| Floating BJT substrate        | 0 |
| Floating controlled input     | 0 |
| Floating current source nodes | 0 |
| Source loop                   | 0 |
|-----------------------------------|

Resource Usage for Netlist Check
--------------------------
| CPU Time    | 0.00 sec |
| Peak Memory | 0.00 Mb  |
|------------------------|

Number of nodes: 15

Total number of nodes (including internal nodes): 15

Resource Usage for Netlist Data Compression
--------------------------
| CPU Time    | 0.00 sec |
| Peak Memory | 0.00 Mb  |
|------------------------|

Simulation

Resource Usage for Operating Point
--------------------------
| CPU Time    | 0.00 sec |
| Peak Memory | 0.00 Mb  |
|------------------------|

AC Analysis

0.1% frequency = 102.329299 Hz ( etc = 0.0 sec, ett = 0.0 sec )

10.0% frequency = 645.654229 Hz ( etc = 0.0 sec, ett = 0.0 sec )

20.0% frequency = 4.073803 kHz ( etc = 0.0 sec, ett = 0.0 sec )

30.0% frequency = 25.703958 kHz ( etc = 0.0 sec, ett = 0.0 sec )

40.0% frequency = 162.181010 kHz ( etc = 0.0 sec, ett = 0.0 sec )

50.0% frequency = 1.023293 MHz ( etc = 0.0 sec, ett = 0.0 sec )

60.0% frequency = 6.456542 MHz ( etc = 0.0 sec, ett = 0.0 sec )

70.0% frequency = 40.738028 MHz ( etc = 0.0 sec, ett = 0.0 sec )

80.0% frequency = 257.039578 MHz ( etc = 0.0 sec, ett = 0.0 sec )

90.0% frequency = 1.621810 GHz ( etc = 0.0 sec, ett = 0.0 sec )



100.0% frequency = 10.000000 GHz ( etc = 0.0 sec, ett = 0.0 sec )
******
***
****** ac analysis temp= 25
******
bw= 6.837526e+007 when/at=6.838e+007
gain= 3.329107e+001 from= 1.000e+002 to= 1.000e+010
himg= -9.538945e-001 when/at=6.838e+007
hreal= -3.001290e-001 when/at=6.838e+007



finished AC analysis (0.01 sec)



AC analysis time = 0.01 cpu sec

Transient Analysis
10.0% time = 10.0 ns ( etc = 0.0 sec, ett = 0.0 sec )
( slv=9 evl=8 rej=0 mem=0 cpu=0 wall=0 )
20.0% time = 20.0 ns ( etc = 0.0 sec, ett = 0.0 sec )
( slv=9 evl=8 rej=0 mem=0 cpu=0 wall=0 )
30.0% time = 30.0 ns ( etc = 0.0 sec, ett = 0.0 sec )
( slv=10 evl=9 rej=0 mem=0 cpu=0 wall=0 )
40.0% time = 40.0 ns ( etc = 0.0 sec, ett = 0.0 sec )
( slv=10 evl=9 rej=0 mem=0 cpu=0 wall=0 )
50.0% time = 50.0 ns ( etc = 0.0 sec, ett = 0.0 sec )
( slv=10 evl=9 rej=0 mem=0 cpu=0 wall=0 )
60.0% time = 60.0 ns ( etc = 0.0 sec, ett = 0.0 sec )
( slv=10 evl=9 rej=0 mem=0 cpu=0 wall=0 )
70.0% time = 70.0 ns ( etc = 0.0 sec, ett = 0.0 sec )
( slv=10 evl=9 rej=0 mem=0 cpu=0 wall=0 )
80.0% time = 80.0 ns ( etc = 0.0 sec, ett = 0.0 sec )
( slv=10 evl=9 rej=0 mem=0 cpu=0 wall=0 )
90.0% time = 90.0 ns ( etc = 0.0 sec, ett = 0.0 sec )
( slv=11 evl=10 rej=0 mem=0 cpu=0 wall=0 )
100.0% time = 100.0 ns ( etc = 0.0 sec, ett = 0.0 sec )
( slv=11 evl=10 rej=0 mem=0 cpu=0 wall=0 )

solve = 11 eval = 10 reject = 0
******
***
****** transient analysis temp= 25
******
zpower= 1.673598e-004 from= 0.000e+000 to= 1.000e-007
zsarea= 3.762268e-010 from= 0.000e+000 to= 1.000e-007



Transient time = 0 cpu sec, 0 wall sec

Resource Usage for Transient Analysis
--------------------------
| CPU Time    | 0.00 sec |
| Peak Memory | 0.00 Mb  |
|------------------------|

--- hspicerf done [D:\Ubeyd\Bitirme -
1\kod\genetik_algoritmalar\bitirme-I\HSpicePy\amp.sp] ---

Total time = 0.02 cpu sec

Total memory = 0.00 Mbytes





See "amp.lis" for results and statistics.
